<?xml version="1.0" encoding="UTF-8"?>
<testng-results skipped="0" failed="2" ignored="0" total="4" passed="2">
  <reporter-output>
  </reporter-output>
  <suite name="SoftVisionAssesmentTest by packages" duration-ms="30922" started-at="2019-02-20T02:56:43Z" finished-at="2019-02-20T02:57:14Z">
    <groups>
    </groups>
    <test name="com.softVisionAssesment.qa.testCases" duration-ms="30922" started-at="2019-02-20T02:56:43Z" finished-at="2019-02-20T02:57:14Z">
      <class name="com.softVisionAssesment.qa.testCases.LoginPasswordPageTest">
        <test-method status="PASS" signature="setUp()[pri:0, instance:com.softVisionAssesment.qa.testCases.LoginPasswordPageTest@271053e1]" name="setUp" is-config="true" duration-ms="5393" started-at="2019-02-20T02:56:43Z" finished-at="2019-02-20T02:56:48Z">
          <reporter-output>
          </reporter-output>
        </test-method> <!-- setUp -->
        <test-method status="FAIL" signature="loginPageTitleTest()[pri:1, instance:com.softVisionAssesment.qa.testCases.LoginPasswordPageTest@271053e1]" name="loginPageTitleTest" duration-ms="9" started-at="2019-02-20T02:56:48Z" finished-at="2019-02-20T02:56:48Z">
          <exception class="java.lang.AssertionError">
            <message>
              <![CDATA[expected:<> but was:<Google Forms: Sign-in>]]>
            </message>
            <full-stacktrace>
              <![CDATA[java.lang.AssertionError: expected:<> but was:<Google Forms: Sign-in>
at org.testng.AssertJUnit.assertEquals(AssertJUnit.java:101)
at org.testng.AssertJUnit.assertEquals(AssertJUnit.java:108)
at com.softVisionAssesment.qa.testCases.LoginPasswordPageTest.loginPageTitleTest(LoginPasswordPageTest.java:55)
at sun.reflect.NativeMethodAccessorImpl.invoke0(Native Method)
at sun.reflect.NativeMethodAccessorImpl.invoke(NativeMethodAccessorImpl.java:62)
at sun.reflect.DelegatingMethodAccessorImpl.invoke(DelegatingMethodAccessorImpl.java:43)
at java.lang.reflect.Method.invoke(Method.java:498)
at org.testng.internal.MethodInvocationHelper.invokeMethod(MethodInvocationHelper.java:124)
at org.testng.internal.Invoker.invokeMethod(Invoker.java:580)
at org.testng.internal.Invoker.invokeTestMethod(Invoker.java:716)
at org.testng.internal.Invoker.invokeTestMethods(Invoker.java:988)
at org.testng.internal.TestMethodWorker.invokeTestMethods(TestMethodWorker.java:125)
at org.testng.internal.TestMethodWorker.run(TestMethodWorker.java:109)
at org.testng.TestRunner.privateRun(TestRunner.java:648)
at org.testng.TestRunner.run(TestRunner.java:505)
at org.testng.SuiteRunner.runTest(SuiteRunner.java:455)
at org.testng.SuiteRunner.runSequentially(SuiteRunner.java:450)
at org.testng.SuiteRunner.privateRun(SuiteRunner.java:415)
at org.testng.SuiteRunner.run(SuiteRunner.java:364)
at org.testng.SuiteRunnerWorker.runSuite(SuiteRunnerWorker.java:52)
at org.testng.SuiteRunnerWorker.run(SuiteRunnerWorker.java:84)
at org.testng.TestNG.runSuitesSequentially(TestNG.java:1208)
at org.testng.TestNG.runSuitesLocally(TestNG.java:1137)
at org.testng.TestNG.runSuites(TestNG.java:1049)
at org.testng.TestNG.run(TestNG.java:1017)
at org.testng.remote.AbstractRemoteTestNG.run(AbstractRemoteTestNG.java:114)
at org.testng.remote.RemoteTestNG.initAndRun(RemoteTestNG.java:251)
at org.testng.remote.RemoteTestNG.main(RemoteTestNG.java:77)
]]>
            </full-stacktrace>
          </exception> <!-- java.lang.AssertionError -->
          <reporter-output>
          </reporter-output>
        </test-method> <!-- loginPageTitleTest -->
        <test-method status="PASS" signature="tearDown()[pri:0, instance:com.softVisionAssesment.qa.testCases.LoginPasswordPageTest@271053e1]" name="tearDown" is-config="true" duration-ms="2492" started-at="2019-02-20T02:56:48Z" finished-at="2019-02-20T02:56:51Z">
          <reporter-output>
          </reporter-output>
        </test-method> <!-- tearDown -->
        <test-method status="PASS" signature="setUp()[pri:0, instance:com.softVisionAssesment.qa.testCases.LoginPasswordPageTest@271053e1]" name="setUp" is-config="true" duration-ms="5777" started-at="2019-02-20T02:56:58Z" finished-at="2019-02-20T02:57:04Z">
          <reporter-output>
          </reporter-output>
        </test-method> <!-- setUp -->
        <test-method status="PASS" signature="loginTest()[pri:3, instance:com.softVisionAssesment.qa.testCases.LoginPasswordPageTest@271053e1]" name="loginTest" duration-ms="2" started-at="2019-02-20T02:57:04Z" finished-at="2019-02-20T02:57:04Z">
          <reporter-output>
          </reporter-output>
        </test-method> <!-- loginTest -->
        <test-method status="PASS" signature="tearDown()[pri:0, instance:com.softVisionAssesment.qa.testCases.LoginPasswordPageTest@271053e1]" name="tearDown" is-config="true" duration-ms="2260" started-at="2019-02-20T02:57:04Z" finished-at="2019-02-20T02:57:06Z">
          <reporter-output>
          </reporter-output>
        </test-method> <!-- tearDown -->
      </class> <!-- com.softVisionAssesment.qa.testCases.LoginPasswordPageTest -->
      <class name="com.softVisionAssesment.qa.testCases.LoginUsernamePageTest">
        <test-method status="PASS" signature="setUp()[pri:0, instance:com.softVisionAssesment.qa.testCases.LoginUsernamePageTest@589838eb]" name="setUp" is-config="true" duration-ms="4536" started-at="2019-02-20T02:56:51Z" finished-at="2019-02-20T02:56:55Z">
          <reporter-output>
          </reporter-output>
        </test-method> <!-- setUp -->
        <test-method status="FAIL" signature="loginPageTitleTest()[pri:1, instance:com.softVisionAssesment.qa.testCases.LoginUsernamePageTest@589838eb]" name="loginPageTitleTest" duration-ms="7" started-at="2019-02-20T02:56:55Z" finished-at="2019-02-20T02:56:55Z">
          <exception class="java.lang.AssertionError">
            <message>
              <![CDATA[expected [Google Forms: Sign-in] but found []]]>
            </message>
            <full-stacktrace>
              <![CDATA[java.lang.AssertionError: expected [Google Forms: Sign-in] but found []
at org.testng.Assert.fail(Assert.java:96)
at org.testng.Assert.failNotEquals(Assert.java:776)
at org.testng.Assert.assertEqualsImpl(Assert.java:137)
at org.testng.Assert.assertEquals(Assert.java:118)
at org.testng.Assert.assertEquals(Assert.java:453)
at org.testng.Assert.assertEquals(Assert.java:463)
at com.softVisionAssesment.qa.testCases.LoginUsernamePageTest.loginPageTitleTest(LoginUsernamePageTest.java:44)
at sun.reflect.NativeMethodAccessorImpl.invoke0(Native Method)
at sun.reflect.NativeMethodAccessorImpl.invoke(NativeMethodAccessorImpl.java:62)
at sun.reflect.DelegatingMethodAccessorImpl.invoke(DelegatingMethodAccessorImpl.java:43)
at java.lang.reflect.Method.invoke(Method.java:498)
at org.testng.internal.MethodInvocationHelper.invokeMethod(MethodInvocationHelper.java:124)
at org.testng.internal.Invoker.invokeMethod(Invoker.java:580)
at org.testng.internal.Invoker.invokeTestMethod(Invoker.java:716)
at org.testng.internal.Invoker.invokeTestMethods(Invoker.java:988)
at org.testng.internal.TestMethodWorker.invokeTestMethods(TestMethodWorker.java:125)
at org.testng.internal.TestMethodWorker.run(TestMethodWorker.java:109)
at org.testng.TestRunner.privateRun(TestRunner.java:648)
at org.testng.TestRunner.run(TestRunner.java:505)
at org.testng.SuiteRunner.runTest(SuiteRunner.java:455)
at org.testng.SuiteRunner.runSequentially(SuiteRunner.java:450)
at org.testng.SuiteRunner.privateRun(SuiteRunner.java:415)
at org.testng.SuiteRunner.run(SuiteRunner.java:364)
at org.testng.SuiteRunnerWorker.runSuite(SuiteRunnerWorker.java:52)
at org.testng.SuiteRunnerWorker.run(SuiteRunnerWorker.java:84)
at org.testng.TestNG.runSuitesSequentially(TestNG.java:1208)
at org.testng.TestNG.runSuitesLocally(TestNG.java:1137)
at org.testng.TestNG.runSuites(TestNG.java:1049)
at org.testng.TestNG.run(TestNG.java:1017)
at org.testng.remote.AbstractRemoteTestNG.run(AbstractRemoteTestNG.java:114)
at org.testng.remote.RemoteTestNG.initAndRun(RemoteTestNG.java:251)
at org.testng.remote.RemoteTestNG.main(RemoteTestNG.java:77)
]]>
            </full-stacktrace>
          </exception> <!-- java.lang.AssertionError -->
          <reporter-output>
          </reporter-output>
        </test-method> <!-- loginPageTitleTest -->
        <test-method status="PASS" signature="tearDown()[pri:0, instance:com.softVisionAssesment.qa.testCases.LoginUsernamePageTest@589838eb]" name="tearDown" is-config="true" duration-ms="2488" started-at="2019-02-20T02:56:55Z" finished-at="2019-02-20T02:56:58Z">
          <reporter-output>
          </reporter-output>
        </test-method> <!-- tearDown -->
        <test-method status="PASS" signature="setUp()[pri:0, instance:com.softVisionAssesment.qa.testCases.LoginUsernamePageTest@589838eb]" name="setUp" is-config="true" duration-ms="5758" started-at="2019-02-20T02:57:06Z" finished-at="2019-02-20T02:57:12Z">
          <reporter-output>
          </reporter-output>
        </test-method> <!-- setUp -->
        <test-method status="PASS" signature="login()[pri:3, instance:com.softVisionAssesment.qa.testCases.LoginUsernamePageTest@589838eb]" name="login" duration-ms="24" started-at="2019-02-20T02:57:12Z" finished-at="2019-02-20T02:57:12Z">
          <reporter-output>
          </reporter-output>
        </test-method> <!-- login -->
        <test-method status="PASS" signature="tearDown()[pri:0, instance:com.softVisionAssesment.qa.testCases.LoginUsernamePageTest@589838eb]" name="tearDown" is-config="true" duration-ms="2149" started-at="2019-02-20T02:57:12Z" finished-at="2019-02-20T02:57:14Z">
          <reporter-output>
          </reporter-output>
        </test-method> <!-- tearDown -->
      </class> <!-- com.softVisionAssesment.qa.testCases.LoginUsernamePageTest -->
    </test> <!-- com.softVisionAssesment.qa.testCases -->
  </suite> <!-- SoftVisionAssesmentTest by packages -->
</testng-results>
